2022-11-09 22:44:41.973  INFO 9352 --- [main] c.e.f.FootballManagerApplication         : Starting FootballManagerApplication using Java 18.0.2.1 on LAPTOP-PVLV3QUN with PID 9352 (D:\Users\denis\IdeaProjects\football-manager\target\classes started by denis in D:\Users\denis\IdeaProjects\football-manager)
2022-11-09 22:44:41.980  INFO 9352 --- [main] c.e.f.FootballManagerApplication         : No active profile set, falling back to 1 default profile: "default"
2022-11-09 22:44:42.892  INFO 9352 --- [main] .s.d.r.c.RepositoryConfigurationDelegate : Bootstrapping Spring Data JPA repositories in DEFAULT mode.
2022-11-09 22:44:42.972  INFO 9352 --- [main] .s.d.r.c.RepositoryConfigurationDelegate : Finished Spring Data repository scanning in 64 ms. Found 5 JPA repository interfaces.
2022-11-09 22:44:43.557  INFO 9352 --- [main] o.s.b.w.embedded.tomcat.TomcatWebServer  : Tomcat initialized with port(s): 8095 (http)
2022-11-09 22:44:43.567  INFO 9352 --- [main] o.apache.catalina.core.StandardService   : Starting service [Tomcat]
2022-11-09 22:44:43.568  INFO 9352 --- [main] org.apache.catalina.core.StandardEngine  : Starting Servlet engine: [Apache Tomcat/9.0.65]
2022-11-09 22:44:43.687  INFO 9352 --- [main] o.a.c.c.C.[Tomcat].[localhost].[/]       : Initializing Spring embedded WebApplicationContext
2022-11-09 22:44:43.687  INFO 9352 --- [main] w.s.c.ServletWebServerApplicationContext : Root WebApplicationContext: initialization completed in 1640 ms
2022-11-09 22:44:43.718  INFO 9352 --- [main] com.zaxxer.hikari.HikariDataSource       : HikariPool-1 - Starting...
2022-11-09 22:44:43.948  INFO 9352 --- [main] com.zaxxer.hikari.HikariDataSource       : HikariPool-1 - Start completed.
2022-11-09 22:44:43.961  INFO 9352 --- [main] o.s.b.a.h2.H2ConsoleAutoConfiguration    : H2 console available at '/db'. Database available at 'jdbc:h2:mem:testDb'
2022-11-09 22:44:44.125  INFO 9352 --- [main] o.hibernate.jpa.internal.util.LogHelper  : HHH000204: Processing PersistenceUnitInfo [name: default]
2022-11-09 22:44:44.204  INFO 9352 --- [main] org.hibernate.Version                    : HHH000412: Hibernate ORM core version 5.6.11.Final
2022-11-09 22:44:44.405  INFO 9352 --- [main] o.hibernate.annotations.common.Version   : HCANN000001: Hibernate Commons Annotations {5.1.2.Final}
2022-11-09 22:44:44.551  INFO 9352 --- [main] org.hibernate.dialect.Dialect            : HHH000400: Using dialect: org.hibernate.dialect.H2Dialect
2022-11-09 22:44:45.420  INFO 9352 --- [main] o.h.e.t.j.p.i.JtaPlatformInitiator       : HHH000490: Using JtaPlatform implementation: [org.hibernate.engine.transaction.jta.platform.internal.NoJtaPlatform]
2022-11-09 22:44:45.428  INFO 9352 --- [main] j.LocalContainerEntityManagerFactoryBean : Initialized JPA EntityManagerFactory for persistence unit 'default'
2022-11-09 22:44:45.477  WARN 9352 --- [main] JpaBaseConfiguration$JpaWebConfiguration : spring.jpa.open-in-view is enabled by default. Therefore, database queries may be performed during view rendering. Explicitly configure spring.jpa.open-in-view to disable this warning
2022-11-09 22:44:46.237  INFO 9352 --- [main] o.s.s.web.DefaultSecurityFilterChain     : Will secure any request with [org.springframework.security.web.session.DisableEncodeUrlFilter@4d91d2da, org.springframework.security.web.context.request.async.WebAsyncManagerIntegrationFilter@12811f95, org.springframework.security.web.context.SecurityContextPersistenceFilter@1fab0394, org.springframework.security.web.header.HeaderWriterFilter@5357de0e, org.springframework.security.web.authentication.logout.LogoutFilter@4ac77269, org.springframework.security.web.authentication.www.BasicAuthenticationFilter@5186c801, org.springframework.security.web.savedrequest.RequestCacheAwareFilter@2ee5c08d, org.springframework.security.web.servletapi.SecurityContextHolderAwareRequestFilter@361c4981, org.springframework.security.web.authentication.AnonymousAuthenticationFilter@68f1b89, org.springframework.security.web.session.SessionManagementFilter@483fe83a, org.springframework.security.web.access.ExceptionTranslationFilter@2ecc4be7, org.springframework.security.web.access.intercept.FilterSecurityInterceptor@282240]
2022-11-09 22:44:46.686  INFO 9352 --- [main] o.s.b.w.embedded.tomcat.TomcatWebServer  : Tomcat started on port(s): 8095 (http) with context path ''
2022-11-09 22:44:46.701  INFO 9352 --- [main] c.e.f.FootballManagerApplication         : Started FootballManagerApplication in 5.33 seconds (JVM running for 6.383)
2022-11-09 22:45:37.398  INFO 9352 --- [http-nio-8095-exec-1] o.a.c.c.C.[Tomcat].[localhost].[/]       : Initializing Spring DispatcherServlet 'dispatcherServlet'
2022-11-09 22:45:37.399  INFO 9352 --- [http-nio-8095-exec-1] o.s.web.servlet.DispatcherServlet        : Initializing Servlet 'dispatcherServlet'
2022-11-09 22:45:37.400  INFO 9352 --- [http-nio-8095-exec-1] o.s.web.servlet.DispatcherServlet        : Completed initialization in 1 ms
2022-11-09 22:52:59.031  INFO 9352 --- [SpringApplicationShutdownHook] j.LocalContainerEntityManagerFactoryBean : Closing JPA EntityManagerFactory for persistence unit 'default'
2022-11-09 22:52:59.034  INFO 9352 --- [SpringApplicationShutdownHook] com.zaxxer.hikari.HikariDataSource       : HikariPool-1 - Shutdown initiated...
2022-11-09 22:52:59.037  INFO 9352 --- [SpringApplicationShutdownHook] com.zaxxer.hikari.HikariDataSource       : HikariPool-1 - Shutdown completed.
2022-11-09 22:53:07.536  INFO 6100 --- [main] c.e.f.FootballManagerApplication         : Starting FootballManagerApplication using Java 18.0.2.1 on LAPTOP-PVLV3QUN with PID 6100 (D:\Users\denis\IdeaProjects\football-manager\target\classes started by denis in D:\Users\denis\IdeaProjects\football-manager)
2022-11-09 22:53:07.539  INFO 6100 --- [main] c.e.f.FootballManagerApplication         : No active profile set, falling back to 1 default profile: "default"
2022-11-09 22:53:08.272  INFO 6100 --- [main] .s.d.r.c.RepositoryConfigurationDelegate : Bootstrapping Spring Data JPA repositories in DEFAULT mode.
2022-11-09 22:53:08.346  INFO 6100 --- [main] .s.d.r.c.RepositoryConfigurationDelegate : Finished Spring Data repository scanning in 59 ms. Found 5 JPA repository interfaces.
2022-11-09 22:53:08.841  INFO 6100 --- [main] o.s.b.w.embedded.tomcat.TomcatWebServer  : Tomcat initialized with port(s): 8095 (http)
2022-11-09 22:53:08.849  INFO 6100 --- [main] o.apache.catalina.core.StandardService   : Starting service [Tomcat]
2022-11-09 22:53:08.850  INFO 6100 --- [main] org.apache.catalina.core.StandardEngine  : Starting Servlet engine: [Apache Tomcat/9.0.65]
2022-11-09 22:53:08.955  INFO 6100 --- [main] o.a.c.c.C.[Tomcat].[localhost].[/]       : Initializing Spring embedded WebApplicationContext
2022-11-09 22:53:08.955  INFO 6100 --- [main] w.s.c.ServletWebServerApplicationContext : Root WebApplicationContext: initialization completed in 1359 ms
2022-11-09 22:53:08.979  INFO 6100 --- [main] com.zaxxer.hikari.HikariDataSource       : HikariPool-1 - Starting...
2022-11-09 22:53:09.143  INFO 6100 --- [main] com.zaxxer.hikari.HikariDataSource       : HikariPool-1 - Start completed.
2022-11-09 22:53:09.153  INFO 6100 --- [main] o.s.b.a.h2.H2ConsoleAutoConfiguration    : H2 console available at '/db'. Database available at 'jdbc:h2:mem:testDb'
2022-11-09 22:53:09.282  INFO 6100 --- [main] o.hibernate.jpa.internal.util.LogHelper  : HHH000204: Processing PersistenceUnitInfo [name: default]
2022-11-09 22:53:09.320  INFO 6100 --- [main] org.hibernate.Version                    : HHH000412: Hibernate ORM core version 5.6.11.Final
2022-11-09 22:53:09.469  INFO 6100 --- [main] o.hibernate.annotations.common.Version   : HCANN000001: Hibernate Commons Annotations {5.1.2.Final}
2022-11-09 22:53:09.562  INFO 6100 --- [main] org.hibernate.dialect.Dialect            : HHH000400: Using dialect: org.hibernate.dialect.H2Dialect
2022-11-09 22:53:10.189  INFO 6100 --- [main] o.h.e.t.j.p.i.JtaPlatformInitiator       : HHH000490: Using JtaPlatform implementation: [org.hibernate.engine.transaction.jta.platform.internal.NoJtaPlatform]
2022-11-09 22:53:10.196  INFO 6100 --- [main] j.LocalContainerEntityManagerFactoryBean : Initialized JPA EntityManagerFactory for persistence unit 'default'
2022-11-09 22:53:10.232  WARN 6100 --- [main] JpaBaseConfiguration$JpaWebConfiguration : spring.jpa.open-in-view is enabled by default. Therefore, database queries may be performed during view rendering. Explicitly configure spring.jpa.open-in-view to disable this warning
2022-11-09 22:53:10.770  INFO 6100 --- [main] o.s.s.web.DefaultSecurityFilterChain     : Will secure any request with [org.springframework.security.web.session.DisableEncodeUrlFilter@2d114d27, org.springframework.security.web.context.request.async.WebAsyncManagerIntegrationFilter@28fef9a2, org.springframework.security.web.context.SecurityContextPersistenceFilter@47c15468, org.springframework.security.web.header.HeaderWriterFilter@2bee1c13, org.springframework.security.web.authentication.logout.LogoutFilter@7263b0c4, org.springframework.security.web.authentication.www.BasicAuthenticationFilter@193d7ac7, org.springframework.security.web.savedrequest.RequestCacheAwareFilter@5f877009, org.springframework.security.web.servletapi.SecurityContextHolderAwareRequestFilter@1cb929a9, org.springframework.security.web.authentication.AnonymousAuthenticationFilter@7dfab58d, org.springframework.security.web.session.SessionManagementFilter@54b35809, org.springframework.security.web.access.ExceptionTranslationFilter@29d81c22, org.springframework.security.web.access.intercept.FilterSecurityInterceptor@34fcc5e3]
2022-11-09 22:53:11.072  INFO 6100 --- [main] o.s.b.w.embedded.tomcat.TomcatWebServer  : Tomcat started on port(s): 8095 (http) with context path ''
2022-11-09 22:53:11.082  INFO 6100 --- [main] c.e.f.FootballManagerApplication         : Started FootballManagerApplication in 4.03 seconds (JVM running for 4.824)
2022-11-09 22:53:21.031  INFO 6100 --- [http-nio-8095-exec-2] o.a.c.c.C.[Tomcat].[localhost].[/]       : Initializing Spring DispatcherServlet 'dispatcherServlet'
2022-11-09 22:53:21.032  INFO 6100 --- [http-nio-8095-exec-2] o.s.web.servlet.DispatcherServlet        : Initializing Servlet 'dispatcherServlet'
2022-11-09 22:53:21.033  INFO 6100 --- [http-nio-8095-exec-2] o.s.web.servlet.DispatcherServlet        : Completed initialization in 1 ms
2022-11-09 23:01:32.923  INFO 6100 --- [SpringApplicationShutdownHook] j.LocalContainerEntityManagerFactoryBean : Closing JPA EntityManagerFactory for persistence unit 'default'
2022-11-09 23:01:32.927  INFO 6100 --- [SpringApplicationShutdownHook] com.zaxxer.hikari.HikariDataSource       : HikariPool-1 - Shutdown initiated...
2022-11-09 23:01:32.930  INFO 6100 --- [SpringApplicationShutdownHook] com.zaxxer.hikari.HikariDataSource       : HikariPool-1 - Shutdown completed.
2022-11-09 23:01:41.363  INFO 17244 --- [main] c.e.f.FootballManagerApplication         : Starting FootballManagerApplication using Java 18.0.2.1 on LAPTOP-PVLV3QUN with PID 17244 (D:\Users\denis\IdeaProjects\football-manager\target\classes started by denis in D:\Users\denis\IdeaProjects\football-manager)
2022-11-09 23:01:41.366  INFO 17244 --- [main] c.e.f.FootballManagerApplication         : No active profile set, falling back to 1 default profile: "default"
2022-11-09 23:01:42.180  INFO 17244 --- [main] .s.d.r.c.RepositoryConfigurationDelegate : Bootstrapping Spring Data JPA repositories in DEFAULT mode.
2022-11-09 23:01:42.248  INFO 17244 --- [main] .s.d.r.c.RepositoryConfigurationDelegate : Finished Spring Data repository scanning in 60 ms. Found 5 JPA repository interfaces.
2022-11-09 23:01:42.711  INFO 17244 --- [main] o.s.b.w.embedded.tomcat.TomcatWebServer  : Tomcat initialized with port(s): 8095 (http)
2022-11-09 23:01:42.719  INFO 17244 --- [main] o.apache.catalina.core.StandardService   : Starting service [Tomcat]
2022-11-09 23:01:42.719  INFO 17244 --- [main] org.apache.catalina.core.StandardEngine  : Starting Servlet engine: [Apache Tomcat/9.0.65]
2022-11-09 23:01:42.810  INFO 17244 --- [main] o.a.c.c.C.[Tomcat].[localhost].[/]       : Initializing Spring embedded WebApplicationContext
2022-11-09 23:01:42.810  INFO 17244 --- [main] w.s.c.ServletWebServerApplicationContext : Root WebApplicationContext: initialization completed in 1384 ms
2022-11-09 23:01:42.835  INFO 17244 --- [main] com.zaxxer.hikari.HikariDataSource       : HikariPool-1 - Starting...
2022-11-09 23:01:43.003  INFO 17244 --- [main] com.zaxxer.hikari.HikariDataSource       : HikariPool-1 - Start completed.
2022-11-09 23:01:43.013  INFO 17244 --- [main] o.s.b.a.h2.H2ConsoleAutoConfiguration    : H2 console available at '/db'. Database available at 'jdbc:h2:mem:testDb'
2022-11-09 23:01:43.139  INFO 17244 --- [main] o.hibernate.jpa.internal.util.LogHelper  : HHH000204: Processing PersistenceUnitInfo [name: default]
2022-11-09 23:01:43.176  INFO 17244 --- [main] org.hibernate.Version                    : HHH000412: Hibernate ORM core version 5.6.11.Final
2022-11-09 23:01:43.315  INFO 17244 --- [main] o.hibernate.annotations.common.Version   : HCANN000001: Hibernate Commons Annotations {5.1.2.Final}
2022-11-09 23:01:43.406  INFO 17244 --- [main] org.hibernate.dialect.Dialect            : HHH000400: Using dialect: org.hibernate.dialect.H2Dialect
2022-11-09 23:01:44.004  INFO 17244 --- [main] o.h.e.t.j.p.i.JtaPlatformInitiator       : HHH000490: Using JtaPlatform implementation: [org.hibernate.engine.transaction.jta.platform.internal.NoJtaPlatform]
2022-11-09 23:01:44.010  INFO 17244 --- [main] j.LocalContainerEntityManagerFactoryBean : Initialized JPA EntityManagerFactory for persistence unit 'default'
2022-11-09 23:01:44.052  WARN 17244 --- [main] JpaBaseConfiguration$JpaWebConfiguration : spring.jpa.open-in-view is enabled by default. Therefore, database queries may be performed during view rendering. Explicitly configure spring.jpa.open-in-view to disable this warning
2022-11-09 23:01:44.570  INFO 17244 --- [main] o.s.s.web.DefaultSecurityFilterChain     : Will secure any request with [org.springframework.security.web.session.DisableEncodeUrlFilter@282240, org.springframework.security.web.context.request.async.WebAsyncManagerIntegrationFilter@3b590f6a, org.springframework.security.web.context.SecurityContextPersistenceFilter@3fda8dae, org.springframework.security.web.header.HeaderWriterFilter@5f877009, org.springframework.security.web.authentication.logout.LogoutFilter@193d7ac7, org.springframework.security.web.authentication.www.BasicAuthenticationFilter@35e357b, org.springframework.security.web.savedrequest.RequestCacheAwareFilter@7135e8cd, org.springframework.security.web.servletapi.SecurityContextHolderAwareRequestFilter@74babce8, org.springframework.security.web.authentication.AnonymousAuthenticationFilter@1e160a9e, org.springframework.security.web.session.SessionManagementFilter@3a663a45, org.springframework.security.web.access.ExceptionTranslationFilter@47c15468, org.springframework.security.web.access.intercept.FilterSecurityInterceptor@7d4b32d1]
2022-11-09 23:01:44.884  INFO 17244 --- [main] o.s.b.w.embedded.tomcat.TomcatWebServer  : Tomcat started on port(s): 8095 (http) with context path ''
2022-11-09 23:01:44.894  INFO 17244 --- [main] c.e.f.FootballManagerApplication         : Started FootballManagerApplication in 4.022 seconds (JVM running for 4.756)
2022-11-09 23:02:58.099  INFO 17244 --- [SpringApplicationShutdownHook] j.LocalContainerEntityManagerFactoryBean : Closing JPA EntityManagerFactory for persistence unit 'default'
2022-11-09 23:02:58.103  INFO 17244 --- [SpringApplicationShutdownHook] com.zaxxer.hikari.HikariDataSource       : HikariPool-1 - Shutdown initiated...
2022-11-09 23:02:58.106  INFO 17244 --- [SpringApplicationShutdownHook] com.zaxxer.hikari.HikariDataSource       : HikariPool-1 - Shutdown completed.
2022-11-09 23:03:01.793  INFO 2572 --- [main] c.e.f.FootballManagerApplication         : Starting FootballManagerApplication using Java 18.0.2.1 on LAPTOP-PVLV3QUN with PID 2572 (D:\Users\denis\IdeaProjects\football-manager\target\classes started by denis in D:\Users\denis\IdeaProjects\football-manager)
2022-11-09 23:03:01.797  INFO 2572 --- [main] c.e.f.FootballManagerApplication         : No active profile set, falling back to 1 default profile: "default"
2022-11-09 23:03:02.565  INFO 2572 --- [main] .s.d.r.c.RepositoryConfigurationDelegate : Bootstrapping Spring Data JPA repositories in DEFAULT mode.
2022-11-09 23:03:02.647  INFO 2572 --- [main] .s.d.r.c.RepositoryConfigurationDelegate : Finished Spring Data repository scanning in 73 ms. Found 5 JPA repository interfaces.
2022-11-09 23:03:03.250  INFO 2572 --- [main] o.s.b.w.embedded.tomcat.TomcatWebServer  : Tomcat initialized with port(s): 8095 (http)
2022-11-09 23:03:03.259  INFO 2572 --- [main] o.apache.catalina.core.StandardService   : Starting service [Tomcat]
2022-11-09 23:03:03.260  INFO 2572 --- [main] org.apache.catalina.core.StandardEngine  : Starting Servlet engine: [Apache Tomcat/9.0.65]
2022-11-09 23:03:03.384  INFO 2572 --- [main] o.a.c.c.C.[Tomcat].[localhost].[/]       : Initializing Spring embedded WebApplicationContext
2022-11-09 23:03:03.384  INFO 2572 --- [main] w.s.c.ServletWebServerApplicationContext : Root WebApplicationContext: initialization completed in 1537 ms
2022-11-09 23:03:03.418  INFO 2572 --- [main] com.zaxxer.hikari.HikariDataSource       : HikariPool-1 - Starting...
2022-11-09 23:03:03.627  INFO 2572 --- [main] com.zaxxer.hikari.HikariDataSource       : HikariPool-1 - Start completed.
2022-11-09 23:03:03.640  INFO 2572 --- [main] o.s.b.a.h2.H2ConsoleAutoConfiguration    : H2 console available at '/db'. Database available at 'jdbc:h2:mem:testDb'
2022-11-09 23:03:03.817  INFO 2572 --- [main] o.hibernate.jpa.internal.util.LogHelper  : HHH000204: Processing PersistenceUnitInfo [name: default]
2022-11-09 23:03:03.874  INFO 2572 --- [main] org.hibernate.Version                    : HHH000412: Hibernate ORM core version 5.6.11.Final
2022-11-09 23:03:04.051  INFO 2572 --- [main] o.hibernate.annotations.common.Version   : HCANN000001: Hibernate Commons Annotations {5.1.2.Final}
2022-11-09 23:03:04.186  INFO 2572 --- [main] org.hibernate.dialect.Dialect            : HHH000400: Using dialect: org.hibernate.dialect.H2Dialect
2022-11-09 23:03:04.971  INFO 2572 --- [main] o.h.e.t.j.p.i.JtaPlatformInitiator       : HHH000490: Using JtaPlatform implementation: [org.hibernate.engine.transaction.jta.platform.internal.NoJtaPlatform]
2022-11-09 23:03:04.979  INFO 2572 --- [main] j.LocalContainerEntityManagerFactoryBean : Initialized JPA EntityManagerFactory for persistence unit 'default'
2022-11-09 23:03:05.028  WARN 2572 --- [main] JpaBaseConfiguration$JpaWebConfiguration : spring.jpa.open-in-view is enabled by default. Therefore, database queries may be performed during view rendering. Explicitly configure spring.jpa.open-in-view to disable this warning
2022-11-09 23:03:05.701  INFO 2572 --- [main] o.s.s.web.DefaultSecurityFilterChain     : Will secure any request with [org.springframework.security.web.session.DisableEncodeUrlFilter@265c0752, org.springframework.security.web.context.request.async.WebAsyncManagerIntegrationFilter@7d4b32d1, org.springframework.security.web.context.SecurityContextPersistenceFilter@2ecc4be7, org.springframework.security.web.header.HeaderWriterFilter@31b67d61, org.springframework.security.web.authentication.logout.LogoutFilter@346690d6, org.springframework.security.web.authentication.www.BasicAuthenticationFilter@4ac77269, org.springframework.security.web.savedrequest.RequestCacheAwareFilter@5357de0e, org.springframework.security.web.servletapi.SecurityContextHolderAwareRequestFilter@e296794, org.springframework.security.web.authentication.AnonymousAuthenticationFilter@7a75183d, org.springframework.security.web.session.SessionManagementFilter@7c5c2b17, org.springframework.security.web.access.ExceptionTranslationFilter@46b55a0e, org.springframework.security.web.access.intercept.FilterSecurityInterceptor@2d114d27]
2022-11-09 23:03:06.108  INFO 2572 --- [main] o.s.b.w.embedded.tomcat.TomcatWebServer  : Tomcat started on port(s): 8095 (http) with context path ''
2022-11-09 23:03:06.122  INFO 2572 --- [main] c.e.f.FootballManagerApplication         : Started FootballManagerApplication in 4.819 seconds (JVM running for 5.541)
2022-11-09 23:03:14.461  INFO 2572 --- [http-nio-8095-exec-2] o.a.c.c.C.[Tomcat].[localhost].[/]       : Initializing Spring DispatcherServlet 'dispatcherServlet'
2022-11-09 23:03:14.461  INFO 2572 --- [http-nio-8095-exec-2] o.s.web.servlet.DispatcherServlet        : Initializing Servlet 'dispatcherServlet'
2022-11-09 23:03:14.463  INFO 2572 --- [http-nio-8095-exec-2] o.s.web.servlet.DispatcherServlet        : Completed initialization in 1 ms
2022-11-09 23:31:20.849  INFO 2572 --- [SpringApplicationShutdownHook] j.LocalContainerEntityManagerFactoryBean : Closing JPA EntityManagerFactory for persistence unit 'default'
2022-11-09 23:31:20.851  INFO 2572 --- [SpringApplicationShutdownHook] com.zaxxer.hikari.HikariDataSource       : HikariPool-1 - Shutdown initiated...
2022-11-09 23:31:20.855  INFO 2572 --- [SpringApplicationShutdownHook] com.zaxxer.hikari.HikariDataSource       : HikariPool-1 - Shutdown completed.
